2019-11-10 13:40:33.960  INFO 79155 --- [main] com.edu.cn.dishsell.logger.LoggerTest    : Starting LoggerTest on chenyonghuandeMacBook-Pro.local with PID 79155 (started by cyh in /Users/cyh/Documents/code/java/java项目/dishsell)
2019-11-10 13:40:33.961  INFO 79155 --- [main] com.edu.cn.dishsell.logger.LoggerTest    : No active profile set, falling back to default profiles: default
2019-11-10 13:40:34.528  INFO 79155 --- [main] .s.d.r.c.RepositoryConfigurationDelegate : Bootstrapping Spring Data repositories in DEFAULT mode.
2019-11-10 13:40:34.600  INFO 79155 --- [main] .s.d.r.c.RepositoryConfigurationDelegate : Finished Spring Data repository scanning in 66ms. Found 4 repository interfaces.
2019-11-10 13:40:34.920  INFO 79155 --- [main] trationDelegate$BeanPostProcessorChecker : Bean 'org.springframework.transaction.annotation.ProxyTransactionManagementConfiguration' of type [org.springframework.transaction.annotation.ProxyTransactionManagementConfiguration$$EnhancerBySpringCGLIB$$f4f65e8d] is not eligible for getting processed by all BeanPostProcessors (for example: not eligible for auto-proxying)
2019-11-10 13:40:35.102  INFO 79155 --- [main] com.zaxxer.hikari.HikariDataSource       : HikariPool-1 - Starting...
2019-11-10 13:40:35.234  INFO 79155 --- [main] com.zaxxer.hikari.HikariDataSource       : HikariPool-1 - Start completed.
2019-11-10 13:40:35.305  INFO 79155 --- [main] o.hibernate.jpa.internal.util.LogHelper  : HHH000204: Processing PersistenceUnitInfo [
	name: default
	...]
2019-11-10 13:40:35.358  INFO 79155 --- [main] org.hibernate.Version                    : HHH000412: Hibernate Core {5.3.9.Final}
2019-11-10 13:40:35.359  INFO 79155 --- [main] org.hibernate.cfg.Environment            : HHH000206: hibernate.properties not found
2019-11-10 13:40:35.482  INFO 79155 --- [main] o.hibernate.annotations.common.Version   : HCANN000001: Hibernate Commons Annotations {5.0.4.Final}
2019-11-10 13:40:35.589  INFO 79155 --- [main] org.hibernate.dialect.Dialect            : HHH000400: Using dialect: org.hibernate.dialect.MySQL5Dialect
2019-11-10 13:40:36.090  INFO 79155 --- [main] j.LocalContainerEntityManagerFactoryBean : Initialized JPA EntityManagerFactory for persistence unit 'default'
2019-11-10 13:40:36.858  INFO 79155 --- [main] o.s.s.concurrent.ThreadPoolTaskExecutor  : Initializing ExecutorService 'applicationTaskExecutor'
2019-11-10 13:40:36.896  WARN 79155 --- [main] aWebConfiguration$JpaWebMvcConfiguration : spring.jpa.open-in-view is enabled by default. Therefore, database queries may be performed during view rendering. Explicitly configure spring.jpa.open-in-view to disable this warning
2019-11-10 13:40:37.126  INFO 79155 --- [main] com.edu.cn.dishsell.logger.LoggerTest    : Started LoggerTest in 3.672 seconds (JVM running for 4.3)
2019-11-10 13:40:37.244  INFO 79155 --- [main] com.edu.cn.dishsell.logger.LoggerTest    : name: java, password: 111111
2019-11-10 13:40:37.244 ERROR 79155 --- [main] com.edu.cn.dishsell.logger.LoggerTest    : error...
2019-11-10 13:40:37.250  INFO 79155 --- [Thread-1] o.s.s.concurrent.ThreadPoolTaskExecutor  : Shutting down ExecutorService 'applicationTaskExecutor'
2019-11-10 13:40:37.252  INFO 79155 --- [Thread-1] j.LocalContainerEntityManagerFactoryBean : Closing JPA EntityManagerFactory for persistence unit 'default'
2019-11-10 13:40:37.254  INFO 79155 --- [Thread-1] com.zaxxer.hikari.HikariDataSource       : HikariPool-1 - Shutdown initiated...
2019-11-10 13:40:37.260  INFO 79155 --- [Thread-1] com.zaxxer.hikari.HikariDataSource       : HikariPool-1 - Shutdown completed.
