2019-11-15 18:51:36,756 - Starting DishsellApplication on chenyonghuandeMacBook-Pro.local with PID 35727 (started by cyh in /Users/cyh/Documents/code/java/java项目/dishsell)
2019-11-15 18:51:36,759 - No active profile set, falling back to default profiles: default
2019-11-15 18:51:37,279 - Bootstrapping Spring Data repositories in DEFAULT mode.
2019-11-15 18:51:37,357 - Finished Spring Data repository scanning in 68ms. Found 4 repository interfaces.
2019-11-15 18:51:37,632 - Bean 'org.springframework.transaction.annotation.ProxyTransactionManagementConfiguration' of type [org.springframework.transaction.annotation.ProxyTransactionManagementConfiguration$$EnhancerBySpringCGLIB$$8e90a21e] is not eligible for getting processed by all BeanPostProcessors (for example: not eligible for auto-proxying)
2019-11-15 18:51:37,918 - Tomcat initialized with port(s): 8080 (http)
2019-11-15 18:51:37,937 - Initializing ProtocolHandler ["http-nio-8080"]
2019-11-15 18:51:37,953 - Starting service [Tomcat]
2019-11-15 18:51:37,953 - Starting Servlet engine: [Apache Tomcat/9.0.17]
2019-11-15 18:51:38,049 - Initializing Spring embedded WebApplicationContext
2019-11-15 18:51:38,049 - Root WebApplicationContext: initialization completed in 1263 ms
2019-11-15 18:51:38,173 - HikariPool-1 - Starting...
2019-11-15 18:51:38,265 - HikariPool-1 - Start completed.
2019-11-15 18:51:38,316 - HHH000204: Processing PersistenceUnitInfo [
	name: default
	...]
2019-11-15 18:51:38,372 - HHH000412: Hibernate Core {5.3.9.Final}
2019-11-15 18:51:38,373 - HHH000206: hibernate.properties not found
2019-11-15 18:51:38,488 - HCANN000001: Hibernate Commons Annotations {5.0.4.Final}
2019-11-15 18:51:38,594 - HHH000400: Using dialect: org.hibernate.dialect.MySQL5Dialect
2019-11-15 18:51:39,056 - Initialized JPA EntityManagerFactory for persistence unit 'default'
2019-11-15 18:51:39,900 - Initializing ExecutorService 'applicationTaskExecutor'
2019-11-15 18:51:39,930 - spring.jpa.open-in-view is enabled by default. Therefore, database queries may be performed during view rendering. Explicitly configure spring.jpa.open-in-view to disable this warning
2019-11-15 18:51:40,112 - Starting ProtocolHandler ["http-nio-8080"]
2019-11-15 18:51:40,129 - Tomcat started on port(s): 8080 (http) with context path '/sell'
2019-11-15 18:51:40,132 - Started DishsellApplication in 3.708 seconds (JVM running for 9.257)
2019-11-15 18:53:14,134 - Initializing Spring DispatcherServlet 'dispatcherServlet'
2019-11-15 18:53:14,137 - Initializing Servlet 'dispatcherServlet'
2019-11-15 18:53:14,147 - Completed initialization in 9 ms
2019-11-15 18:53:14,206 - HHH000397: Using ASTQueryTranslatorFactory
2019-11-15 18:55:41,350 - [微信网页授权] 获取code, result = https://open.weixin.qq.com/connect/oauth2/authorize?appid=wx94681a8f915ce849&redirect_uri=http%3A%2F%2Flocalhost%3A8080%2Fsell%2Fwechat%2FuserInfo&response_type=code&scope=snsapi_userinfo&state=http://imooc.com#wechat_redirect
2019-11-15 18:56:26,647 - [微信网页授权] 获取code, result = https://open.weixin.qq.com/connect/oauth2/authorize?appid=wx94681a8f915ce849&redirect_uri=http%3A%2F%2Flocalhost%3A8080%2Fsell%2Fwechat%2FuserInfo&response_type=code&scope=snsapi_userinfo&state=http://imooc.com#wechat_redirect
2019-11-15 18:59:00,124 - Shutting down ExecutorService 'applicationTaskExecutor'
2019-11-15 18:59:00,125 - Closing JPA EntityManagerFactory for persistence unit 'default'
2019-11-15 18:59:00,128 - HikariPool-1 - Shutdown initiated...
2019-11-15 18:59:00,136 - HikariPool-1 - Shutdown completed.
2019-11-15 18:59:09,572 - Starting DishsellApplication on chenyonghuandeMacBook-Pro.local with PID 35909 (started by cyh in /Users/cyh/Documents/code/java/java项目/dishsell)
2019-11-15 18:59:09,574 - No active profile set, falling back to default profiles: default
2019-11-15 18:59:10,068 - Bootstrapping Spring Data repositories in DEFAULT mode.
2019-11-15 18:59:10,133 - Finished Spring Data repository scanning in 58ms. Found 4 repository interfaces.
2019-11-15 18:59:10,368 - Bean 'org.springframework.transaction.annotation.ProxyTransactionManagementConfiguration' of type [org.springframework.transaction.annotation.ProxyTransactionManagementConfiguration$$EnhancerBySpringCGLIB$$98861630] is not eligible for getting processed by all BeanPostProcessors (for example: not eligible for auto-proxying)
2019-11-15 18:59:10,634 - Tomcat initialized with port(s): 8080 (http)
2019-11-15 18:59:10,645 - Initializing ProtocolHandler ["http-nio-8080"]
2019-11-15 18:59:10,653 - Starting service [Tomcat]
2019-11-15 18:59:10,653 - Starting Servlet engine: [Apache Tomcat/9.0.17]
2019-11-15 18:59:10,760 - Initializing Spring embedded WebApplicationContext
2019-11-15 18:59:10,760 - Root WebApplicationContext: initialization completed in 1158 ms
2019-11-15 18:59:10,885 - HikariPool-1 - Starting...
2019-11-15 18:59:10,967 - HikariPool-1 - Start completed.
2019-11-15 18:59:11,018 - HHH000204: Processing PersistenceUnitInfo [
	name: default
	...]
2019-11-15 18:59:11,088 - HHH000412: Hibernate Core {5.3.9.Final}
2019-11-15 18:59:11,089 - HHH000206: hibernate.properties not found
2019-11-15 18:59:11,201 - HCANN000001: Hibernate Commons Annotations {5.0.4.Final}
2019-11-15 18:59:11,314 - HHH000400: Using dialect: org.hibernate.dialect.MySQL5Dialect
2019-11-15 18:59:11,815 - Initialized JPA EntityManagerFactory for persistence unit 'default'
2019-11-15 18:59:12,464 - Initializing ExecutorService 'applicationTaskExecutor'
2019-11-15 18:59:12,493 - spring.jpa.open-in-view is enabled by default. Therefore, database queries may be performed during view rendering. Explicitly configure spring.jpa.open-in-view to disable this warning
2019-11-15 18:59:12,659 - Starting ProtocolHandler ["http-nio-8080"]
2019-11-15 18:59:12,675 - Tomcat started on port(s): 8080 (http) with context path '/sell'
2019-11-15 18:59:12,678 - Started DishsellApplication in 3.401 seconds (JVM running for 8.836)
2019-11-15 18:59:31,519 - Initializing Spring DispatcherServlet 'dispatcherServlet'
2019-11-15 18:59:31,520 - Initializing Servlet 'dispatcherServlet'
2019-11-15 18:59:31,529 - Completed initialization in 9 ms
2019-11-15 18:59:31,559 - [微信网页授权] 获取code, result = https://open.weixin.qq.com/connect/oauth2/authorize?appid=wx94681a8f915ce849&redirect_uri=http%3A%2F%2Flocalhost%3A8080%2Fsell%2Fwechat%2FuserInfo&response_type=code&scope=snsapi_userinfo&state=http://imooc.com#wechat_redirect
2019-11-15 19:11:13,388 - Shutting down ExecutorService 'applicationTaskExecutor'
2019-11-15 19:11:13,392 - Closing JPA EntityManagerFactory for persistence unit 'default'
2019-11-15 19:11:13,398 - HikariPool-1 - Shutdown initiated...
2019-11-15 19:11:13,406 - HikariPool-1 - Shutdown completed.
2019-11-15 19:11:22,903 - Starting DishsellApplication on chenyonghuandeMacBook-Pro.local with PID 36153 (started by cyh in /Users/cyh/Documents/code/java/java项目/dishsell)
2019-11-15 19:11:22,904 - No active profile set, falling back to default profiles: default
2019-11-15 19:11:23,383 - Bootstrapping Spring Data repositories in DEFAULT mode.
2019-11-15 19:11:23,461 - Finished Spring Data repository scanning in 67ms. Found 4 repository interfaces.
2019-11-15 19:11:23,696 - Bean 'org.springframework.transaction.annotation.ProxyTransactionManagementConfiguration' of type [org.springframework.transaction.annotation.ProxyTransactionManagementConfiguration$$EnhancerBySpringCGLIB$$cd9c0b3b] is not eligible for getting processed by all BeanPostProcessors (for example: not eligible for auto-proxying)
2019-11-15 19:11:23,922 - Tomcat initialized with port(s): 8080 (http)
2019-11-15 19:11:23,932 - Initializing ProtocolHandler ["http-nio-8080"]
2019-11-15 19:11:23,939 - Starting service [Tomcat]
2019-11-15 19:11:23,940 - Starting Servlet engine: [Apache Tomcat/9.0.17]
2019-11-15 19:11:24,034 - Initializing Spring embedded WebApplicationContext
2019-11-15 19:11:24,035 - Root WebApplicationContext: initialization completed in 1104 ms
2019-11-15 19:11:24,145 - HikariPool-1 - Starting...
2019-11-15 19:11:24,233 - HikariPool-1 - Start completed.
2019-11-15 19:11:24,287 - HHH000204: Processing PersistenceUnitInfo [
	name: default
	...]
2019-11-15 19:11:24,353 - HHH000412: Hibernate Core {5.3.9.Final}
2019-11-15 19:11:24,354 - HHH000206: hibernate.properties not found
2019-11-15 19:11:24,455 - HCANN000001: Hibernate Commons Annotations {5.0.4.Final}
2019-11-15 19:11:24,562 - HHH000400: Using dialect: org.hibernate.dialect.MySQL5Dialect
2019-11-15 19:11:25,057 - Initialized JPA EntityManagerFactory for persistence unit 'default'
2019-11-15 19:11:25,737 - Initializing ExecutorService 'applicationTaskExecutor'
2019-11-15 19:11:25,768 - spring.jpa.open-in-view is enabled by default. Therefore, database queries may be performed during view rendering. Explicitly configure spring.jpa.open-in-view to disable this warning
2019-11-15 19:11:25,957 - Starting ProtocolHandler ["http-nio-8080"]
2019-11-15 19:11:25,973 - Tomcat started on port(s): 8080 (http) with context path '/sell'
2019-11-15 19:11:25,976 - Started DishsellApplication in 3.374 seconds (JVM running for 8.813)
2019-11-15 19:11:55,441 - Initializing Spring DispatcherServlet 'dispatcherServlet'
2019-11-15 19:11:55,442 - Initializing Servlet 'dispatcherServlet'
2019-11-15 19:11:55,452 - Completed initialization in 10 ms
2019-11-15 19:11:55,492 - [微信网页授权] 获取code, result = https://open.weixin.qq.com/connect/oauth2/authorize?appid=wx94681a8f915ce849&redirect_uri=http%3A%2F%2Flocalhost%3A8080%2Fsell%2Fwechat%2FuserInfo&response_type=code&scope=snsapi_userinfo&state=http%3A%2F%2Fimooc.com#wechat_redirect
2019-11-15 19:13:18,293 - Shutting down ExecutorService 'applicationTaskExecutor'
2019-11-15 19:13:18,294 - Closing JPA EntityManagerFactory for persistence unit 'default'
2019-11-15 19:13:18,298 - HikariPool-1 - Shutdown initiated...
2019-11-15 19:13:18,316 - HikariPool-1 - Shutdown completed.
2019-11-15 19:13:33,582 - Starting DishsellApplication on chenyonghuandeMacBook-Pro.local with PID 36201 (started by cyh in /Users/cyh/Documents/code/java/java项目/dishsell)
2019-11-15 19:13:33,584 - No active profile set, falling back to default profiles: default
2019-11-15 19:13:34,097 - Bootstrapping Spring Data repositories in DEFAULT mode.
2019-11-15 19:13:34,167 - Finished Spring Data repository scanning in 62ms. Found 4 repository interfaces.
2019-11-15 19:13:34,442 - Bean 'org.springframework.transaction.annotation.ProxyTransactionManagementConfiguration' of type [org.springframework.transaction.annotation.ProxyTransactionManagementConfiguration$$EnhancerBySpringCGLIB$$3027eb3d] is not eligible for getting processed by all BeanPostProcessors (for example: not eligible for auto-proxying)
2019-11-15 19:13:34,721 - Tomcat initialized with port(s): 8080 (http)
2019-11-15 19:13:34,732 - Initializing ProtocolHandler ["http-nio-8080"]
2019-11-15 19:13:34,741 - Starting service [Tomcat]
2019-11-15 19:13:34,741 - Starting Servlet engine: [Apache Tomcat/9.0.17]
2019-11-15 19:13:34,836 - Initializing Spring embedded WebApplicationContext
2019-11-15 19:13:34,836 - Root WebApplicationContext: initialization completed in 1223 ms
2019-11-15 19:13:34,966 - HikariPool-1 - Starting...
2019-11-15 19:13:35,053 - HikariPool-1 - Start completed.
2019-11-15 19:13:35,111 - HHH000204: Processing PersistenceUnitInfo [
	name: default
	...]
2019-11-15 19:13:35,169 - HHH000412: Hibernate Core {5.3.9.Final}
2019-11-15 19:13:35,171 - HHH000206: hibernate.properties not found
2019-11-15 19:13:35,322 - HCANN000001: Hibernate Commons Annotations {5.0.4.Final}
2019-11-15 19:13:35,437 - HHH000400: Using dialect: org.hibernate.dialect.MySQL5Dialect
2019-11-15 19:13:35,986 - Initialized JPA EntityManagerFactory for persistence unit 'default'
2019-11-15 19:13:36,647 - Initializing ExecutorService 'applicationTaskExecutor'
2019-11-15 19:13:36,674 - spring.jpa.open-in-view is enabled by default. Therefore, database queries may be performed during view rendering. Explicitly configure spring.jpa.open-in-view to disable this warning
2019-11-15 19:13:36,877 - Starting ProtocolHandler ["http-nio-8080"]
2019-11-15 19:13:36,894 - Tomcat started on port(s): 8080 (http) with context path '/sell'
2019-11-15 19:13:36,897 - Started DishsellApplication in 3.639 seconds (JVM running for 9.555)
2019-11-15 19:14:05,366 - Initializing Spring DispatcherServlet 'dispatcherServlet'
2019-11-15 19:14:05,367 - Initializing Servlet 'dispatcherServlet'
2019-11-15 19:14:05,373 - Completed initialization in 6 ms
2019-11-15 19:14:05,401 - [微信网页授权] 获取code, result = https://open.weixin.qq.com/connect/oauth2/authorize?appid=wx94681a8f915ce849&redirect_uri=http%3A%2F%2Flocalhost%3A8080%2Fsell%2Fwechat%2FuserInfo&response_type=code&scope=snsapi_userinfo&state=http://imooc.com#wechat_redirect
2019-11-15 19:22:28,463 - Shutting down ExecutorService 'applicationTaskExecutor'
2019-11-15 19:22:28,469 - Closing JPA EntityManagerFactory for persistence unit 'default'
2019-11-15 19:22:28,479 - HikariPool-1 - Shutdown initiated...
2019-11-15 19:22:28,488 - HikariPool-1 - Shutdown completed.
2019-11-15 19:57:45,919 - Starting DishsellApplication on chenyonghuandeMacBook-Pro.local with PID 37064 (started by cyh in /Users/cyh/Documents/code/java/java项目/dishsell)
2019-11-15 19:57:45,921 - No active profile set, falling back to default profiles: default
2019-11-15 19:57:46,436 - Bootstrapping Spring Data repositories in DEFAULT mode.
2019-11-15 19:57:46,514 - Finished Spring Data repository scanning in 69ms. Found 4 repository interfaces.
2019-11-15 19:57:46,774 - Bean 'org.springframework.transaction.annotation.ProxyTransactionManagementConfiguration' of type [org.springframework.transaction.annotation.ProxyTransactionManagementConfiguration$$EnhancerBySpringCGLIB$$231ed683] is not eligible for getting processed by all BeanPostProcessors (for example: not eligible for auto-proxying)
2019-11-15 19:57:47,045 - Tomcat initialized with port(s): 8080 (http)
2019-11-15 19:57:47,057 - Initializing ProtocolHandler ["http-nio-8080"]
2019-11-15 19:57:47,065 - Starting service [Tomcat]
2019-11-15 19:57:47,065 - Starting Servlet engine: [Apache Tomcat/9.0.17]
2019-11-15 19:57:47,176 - Initializing Spring embedded WebApplicationContext
2019-11-15 19:57:47,176 - Root WebApplicationContext: initialization completed in 1223 ms
2019-11-15 19:57:47,304 - HikariPool-1 - Starting...
2019-11-15 19:57:47,394 - HikariPool-1 - Start completed.
2019-11-15 19:57:47,450 - HHH000204: Processing PersistenceUnitInfo [
	name: default
	...]
2019-11-15 19:57:47,524 - HHH000412: Hibernate Core {5.3.9.Final}
2019-11-15 19:57:47,525 - HHH000206: hibernate.properties not found
2019-11-15 19:57:47,634 - HCANN000001: Hibernate Commons Annotations {5.0.4.Final}
2019-11-15 19:57:47,749 - HHH000400: Using dialect: org.hibernate.dialect.MySQL5Dialect
2019-11-15 19:57:48,365 - Initialized JPA EntityManagerFactory for persistence unit 'default'
2019-11-15 19:57:49,101 - Initializing ExecutorService 'applicationTaskExecutor'
2019-11-15 19:57:49,144 - spring.jpa.open-in-view is enabled by default. Therefore, database queries may be performed during view rendering. Explicitly configure spring.jpa.open-in-view to disable this warning
2019-11-15 19:57:49,308 - Starting ProtocolHandler ["http-nio-8080"]
2019-11-15 19:57:49,332 - Tomcat started on port(s): 8080 (http) with context path '/sell'
2019-11-15 19:57:49,335 - Started DishsellApplication in 3.722 seconds (JVM running for 9.19)
2019-11-15 19:58:09,333 - Initializing Spring DispatcherServlet 'dispatcherServlet'
2019-11-15 19:58:09,333 - Initializing Servlet 'dispatcherServlet'
2019-11-15 19:58:09,342 - Completed initialization in 7 ms
2019-11-15 19:58:09,393 - HHH000397: Using ASTQueryTranslatorFactory
2019-11-15 19:58:36,790 - [微信网页授权] 获取code, result = https://open.weixin.qq.com/connect/oauth2/authorize?appid=wx94681a8f915ce849&redirect_uri=http%3A%2F%2Flocalhost%3A8080%2Fsell%2Fwechat%2FuserInfo&response_type=code&scope=snsapi_userinfo&state=http://imooc.com&connect_redirect=1#wechat_redirect
2019-11-15 19:59:51,830 - Shutting down ExecutorService 'applicationTaskExecutor'
2019-11-15 19:59:51,831 - Closing JPA EntityManagerFactory for persistence unit 'default'
2019-11-15 19:59:51,835 - HikariPool-1 - Shutdown initiated...
2019-11-15 19:59:51,852 - HikariPool-1 - Shutdown completed.
2019-11-15 19:59:59,562 - Starting DishsellApplication on chenyonghuandeMacBook-Pro.local with PID 37114 (started by cyh in /Users/cyh/Documents/code/java/java项目/dishsell)
2019-11-15 19:59:59,564 - No active profile set, falling back to default profiles: default
2019-11-15 20:00:00,049 - Bootstrapping Spring Data repositories in DEFAULT mode.
2019-11-15 20:00:00,112 - Finished Spring Data repository scanning in 56ms. Found 4 repository interfaces.
2019-11-15 20:00:00,339 - Bean 'org.springframework.transaction.annotation.ProxyTransactionManagementConfiguration' of type [org.springframework.transaction.annotation.ProxyTransactionManagementConfiguration$$EnhancerBySpringCGLIB$$6fd8ccf1] is not eligible for getting processed by all BeanPostProcessors (for example: not eligible for auto-proxying)
2019-11-15 20:00:00,585 - Tomcat initialized with port(s): 8080 (http)
2019-11-15 20:00:00,596 - Initializing ProtocolHandler ["http-nio-8080"]
2019-11-15 20:00:00,603 - Starting service [Tomcat]
2019-11-15 20:00:00,604 - Starting Servlet engine: [Apache Tomcat/9.0.17]
2019-11-15 20:00:00,704 - Initializing Spring embedded WebApplicationContext
2019-11-15 20:00:00,705 - Root WebApplicationContext: initialization completed in 1113 ms
2019-11-15 20:00:00,813 - HikariPool-1 - Starting...
2019-11-15 20:00:00,901 - HikariPool-1 - Start completed.
2019-11-15 20:00:00,950 - HHH000204: Processing PersistenceUnitInfo [
	name: default
	...]
2019-11-15 20:00:01,019 - HHH000412: Hibernate Core {5.3.9.Final}
2019-11-15 20:00:01,020 - HHH000206: hibernate.properties not found
2019-11-15 20:00:01,136 - HCANN000001: Hibernate Commons Annotations {5.0.4.Final}
2019-11-15 20:00:01,253 - HHH000400: Using dialect: org.hibernate.dialect.MySQL5Dialect
2019-11-15 20:00:01,742 - Initialized JPA EntityManagerFactory for persistence unit 'default'
2019-11-15 20:00:02,427 - Initializing ExecutorService 'applicationTaskExecutor'
2019-11-15 20:00:02,456 - spring.jpa.open-in-view is enabled by default. Therefore, database queries may be performed during view rendering. Explicitly configure spring.jpa.open-in-view to disable this warning
2019-11-15 20:00:02,609 - Starting ProtocolHandler ["http-nio-8080"]
2019-11-15 20:00:02,623 - Tomcat started on port(s): 8080 (http) with context path '/sell'
2019-11-15 20:00:02,626 - Started DishsellApplication in 3.362 seconds (JVM running for 8.824)
2019-11-15 20:00:13,937 - Initializing Spring DispatcherServlet 'dispatcherServlet'
2019-11-15 20:00:13,938 - Initializing Servlet 'dispatcherServlet'
2019-11-15 20:00:13,944 - Completed initialization in 6 ms
2019-11-15 20:00:13,994 - HHH000397: Using ASTQueryTranslatorFactory
2019-11-15 20:00:34,832 - [微信网页授权] 获取code, result = https://open.weixin.qq.com/connect/oauth2/authorize?appid=wx94681a8f915ce849&redirect_uri=http%3A%2F%2Flocalhost%3A8080%2Fsell%2Fwechat%2FuserInfo&response_type=code&scope=snsapi_userinfo&state=http://imooc.com&connect_redirect=1#wechat_redirect
2019-11-15 20:01:44,361 - [微信网页授权] 获取code, result = https://open.weixin.qq.com/connect/oauth2/authorize?appid=wx94681a8f915ce849&redirect_uri=http%3A%2F%2Flocalhost%3A8080%2Fsell%2Fwechat%2FuserInfo&response_type=code&scope=snsapi_userinfo&state=http://imooc.com&connect_redirect=1#wechat_redirect
2019-11-15 20:02:18,503 - [微信网页授权] 获取code, result = https://open.weixin.qq.com/connect/oauth2/authorize?appid=wx94681a8f915ce849&redirect_uri=http%3A%2F%2Flocalhost%3A8080%2Fsell%2Fwechat%2FuserInfo&response_type=code&scope=snsapi_userinfo&state=http://imooc.com&connect_redirect=1#wechat_redirect
2019-11-15 20:02:31,927 - [微信网页授权] 获取code, result = https://open.weixin.qq.com/connect/oauth2/authorize?appid=wx94681a8f915ce849&redirect_uri=http%3A%2F%2Flocalhost%3A8080%2Fsell%2Fwechat%2FuserInfo&response_type=code&scope=snsapi_userinfo&state=http://imooc.com&connect_redirect=1#wechat_redirect
2019-11-15 20:08:55,226 - Shutting down ExecutorService 'applicationTaskExecutor'
2019-11-15 20:08:55,227 - Closing JPA EntityManagerFactory for persistence unit 'default'
2019-11-15 20:08:55,232 - HikariPool-1 - Shutdown initiated...
2019-11-15 20:08:55,241 - HikariPool-1 - Shutdown completed.
2019-11-15 20:09:04,602 - Starting DishsellApplication on chenyonghuandeMacBook-Pro.local with PID 37297 (started by cyh in /Users/cyh/Documents/code/java/java项目/dishsell)
2019-11-15 20:09:04,604 - No active profile set, falling back to default profiles: default
2019-11-15 20:09:05,093 - Bootstrapping Spring Data repositories in DEFAULT mode.
2019-11-15 20:09:05,157 - Finished Spring Data repository scanning in 57ms. Found 4 repository interfaces.
2019-11-15 20:09:05,382 - Bean 'org.springframework.transaction.annotation.ProxyTransactionManagementConfiguration' of type [org.springframework.transaction.annotation.ProxyTransactionManagementConfiguration$$EnhancerBySpringCGLIB$$662e5627] is not eligible for getting processed by all BeanPostProcessors (for example: not eligible for auto-proxying)
2019-11-15 20:09:05,623 - Tomcat initialized with port(s): 8080 (http)
2019-11-15 20:09:05,634 - Initializing ProtocolHandler ["http-nio-8080"]
2019-11-15 20:09:05,642 - Starting service [Tomcat]
2019-11-15 20:09:05,643 - Starting Servlet engine: [Apache Tomcat/9.0.17]
2019-11-15 20:09:05,747 - Initializing Spring embedded WebApplicationContext
2019-11-15 20:09:05,747 - Root WebApplicationContext: initialization completed in 1116 ms
2019-11-15 20:09:05,861 - HikariPool-1 - Starting...
2019-11-15 20:09:05,944 - HikariPool-1 - Start completed.
2019-11-15 20:09:05,996 - HHH000204: Processing PersistenceUnitInfo [
	name: default
	...]
2019-11-15 20:09:06,060 - HHH000412: Hibernate Core {5.3.9.Final}
2019-11-15 20:09:06,061 - HHH000206: hibernate.properties not found
2019-11-15 20:09:06,171 - HCANN000001: Hibernate Commons Annotations {5.0.4.Final}
2019-11-15 20:09:06,280 - HHH000400: Using dialect: org.hibernate.dialect.MySQL5Dialect
2019-11-15 20:09:06,779 - Initialized JPA EntityManagerFactory for persistence unit 'default'
2019-11-15 20:09:07,481 - Initializing ExecutorService 'applicationTaskExecutor'
2019-11-15 20:09:07,509 - spring.jpa.open-in-view is enabled by default. Therefore, database queries may be performed during view rendering. Explicitly configure spring.jpa.open-in-view to disable this warning
2019-11-15 20:09:07,661 - Starting ProtocolHandler ["http-nio-8080"]
2019-11-15 20:09:07,675 - Tomcat started on port(s): 8080 (http) with context path '/sell'
2019-11-15 20:09:07,678 - Started DishsellApplication in 3.371 seconds (JVM running for 8.812)
2019-11-15 20:09:44,718 - Initializing Spring DispatcherServlet 'dispatcherServlet'
2019-11-15 20:09:44,720 - Initializing Servlet 'dispatcherServlet'
2019-11-15 20:09:44,730 - Completed initialization in 10 ms
2019-11-15 20:09:44,765 - 进入auth方法...
2019-11-15 20:09:44,765 - code=123456789
2019-11-15 20:09:45,196 - response={"errcode":40029,"errmsg":"invalid code, hints: [ req_id: eJhfVY4ce-M1KDaA ]"}
2019-11-15 20:10:24,982 - 进入auth方法...
2019-11-15 20:10:24,982 - code=eJhfVY4ce-M1KDaA
2019-11-15 20:10:25,258 - response={"errcode":40029,"errmsg":"invalid code, hints: [ req_id: EJhfE6yFe-ezeXQa ]"}
2019-11-15 20:10:38,583 - 进入auth方法...
2019-11-15 20:10:38,584 - code=EJhfE6yFe-ezeXQa
2019-11-15 20:10:38,679 - response={"errcode":40029,"errmsg":"invalid code, hints: [ req_id: EJhfeyXBe-sIdGha ]"}
2019-11-15 20:11:05,773 - Shutting down ExecutorService 'applicationTaskExecutor'
2019-11-15 20:11:05,774 - Closing JPA EntityManagerFactory for persistence unit 'default'
2019-11-15 20:11:05,779 - HikariPool-1 - Shutdown initiated...
2019-11-15 20:11:05,784 - HikariPool-1 - Shutdown completed.
